<?xml version="1.0" encoding="UTF-8"?>
<!-- Generated by org.testng.reporters.JUnitXMLReporter -->
<testsuite ignored="0" hostname="DESKTOP-N2HSR8L" failures="0" tests="11" name="Default test" time="1.079" errors="0" timestamp="2022-09-15T21:14:09 IST">
  <testcase classname="ManishTestPractice2.TDDProj.DataProviderAndExcelIntegration" name="testCaseData" time="0.008"/>
  <testcase classname="ManishTestPractice2.TDDProj.DataProviderAndExcelIntegration" name="testCaseData" time="0.001"/>
  <testcase classname="ManishTestPractice2.TDDProj.DataProviderAndExcelIntegration" name="testCaseData" time="0.003"/>
  <testcase classname="ManishTestPractice2.TDDProj.DataProviderAndExcelIntegration" name="testCaseData" time="0.002"/>
  <testcase classname="ManishTestPractice2.TDDProj.DataProviderAndExcelIntegration" name="testCaseData" time="0.002"/>
  <testcase classname="ManishTestPractice2.TDDProj.DataProviderAndExcelIntegration" name="testCaseData" time="0.002"/>
  <testcase classname="ManishTestPractice2.TDDProj.DataProviderAndExcelIntegration" name="testCaseData" time="0.002"/>
  <testcase classname="ManishTestPractice2.TDDProj.DataProviderAndExcelIntegration" name="testCaseData" time="0.002"/>
  <testcase classname="ManishTestPractice2.TDDProj.DataProviderAndExcelIntegration" name="testCaseData" time="0.005"/>
  <testcase classname="ManishTestPractice2.TDDProj.DataProviderAndExcelIntegration" name="testCaseData" time="0.002"/>
  <testcase classname="ManishTestPractice2.TDDProj.DataProviderAndExcelIntegration" name="testCaseData" time="0.005"/>
</testsuite> <!-- Default test -->
