<?xml version="1.0" encoding="UTF-8"?>
<!-- Generated by org.testng.reporters.JUnitXMLReporter -->
<testsuite ignored="0" hostname="DESKTOP-N2HSR8L" failures="0" tests="3" name="Submit Order Test" time="176.341" errors="0" timestamp="2022-09-13T21:06:19 IST">
  <testcase classname="ManishTestPractice.tests.SubmitOrderTest" name="submitOrder" time="4.479"/>
  <testcase classname="ManishTestPractice.tests.SubmitOrderTest" name="submitOrder" time="69.213"/>
  <testcase classname="ManishTestPractice.tests.SubmitOrderTest" name="OrderHistoryTest" time="1.184"/>
</testsuite> <!-- Submit Order Test -->
