<?xml version="1.0" encoding="UTF-8"?>
<!-- Generated by org.testng.reporters.JUnitXMLReporter -->
<testsuite ignored="1" hostname="DESKTOP-N2HSR8L" failures="0" tests="5" name="Test" time="0.459" errors="0" timestamp="2022-09-08T23:45:06 IST">
  <testcase classname="test.TESTNG2" name="Demo8" time="0.061"/>
  <testcase classname="test.TESTNG2" name="Demo9" time="0.005"/>
  <testcase classname="test.TESTNG2" name="Demo7" time="0.003"/>
  <testcase classname="test.TESTNG" name="Demo11" time="0.003"/>
  <testcase classname="test.TESTNG" name="Demo4" time="0.019"/>
  <testcase classname="test.TESTNG2" name="Demo6" time="0.0">
    <ignored/>
  </testcase> <!-- Demo6 -->
</testsuite> <!-- Test -->
