<?xml version="1.0" encoding="UTF-8"?>
<!-- Generated by org.testng.reporters.JUnitXMLReporter -->
<testsuite ignored="0" hostname="DESKTOP-N2HSR8L" failures="0" tests="3" name="Submit Order Test" time="39.901" errors="0" timestamp="2022-09-13T22:50:43 IST">
  <testcase classname="ManishTestPractice.tests.SubmitOrderTest" name="submitOrder" time="3.906"/>
  <testcase classname="ManishTestPractice.tests.SubmitOrderTest" name="submitOrder" time="3.909"/>
  <testcase classname="ManishTestPractice.tests.SubmitOrderTest" name="OrderHistoryTest" time="1.238"/>
</testsuite> <!-- Submit Order Test -->
