<?xml version="1.0" encoding="UTF-8"?>
<testng-results ignored="0" total="2" passed="2" failed="0" skipped="0">
  <reporter-output>
  </reporter-output>
  <suite started-at="2022-11-03T19:41:23 IST" name="Default suite" finished-at="2022-11-03T19:41:26 IST" duration-ms="2924">
    <groups>
    </groups>
    <test started-at="2022-11-03T19:41:23 IST" name="Default test" finished-at="2022-11-03T19:41:26 IST" duration-ms="2924">
      <class name="APITestingDemo.APITestingDemo.LibraryApi">
        <test-method signature="addBook(java.lang.String,java.lang.String,java.lang.String)[pri:0, instance:APITestingDemo.APITestingDemo.LibraryApi@188715b5]" started-at="2022-11-03T19:41:23 IST" name="addBook" data-provider="BooksData" finished-at="2022-11-03T19:41:26 IST" duration-ms="2664" status="PASS">
          <params>
            <param index="0">
              <value>
                <![CDATA[Learn API with Java]]>
              </value>
            </param>
            <param index="1">
              <value>
                <![CDATA[dfg]]>
              </value>
            </param>
            <param index="2">
              <value>
                <![CDATA[98]]>
              </value>
            </param>
          </params>
          <reporter-output>
          </reporter-output>
        </test-method> <!-- addBook -->
        <test-method signature="addBook(java.lang.String,java.lang.String,java.lang.String)[pri:0, instance:APITestingDemo.APITestingDemo.LibraryApi@188715b5]" started-at="2022-11-03T19:41:26 IST" name="addBook" data-provider="BooksData" finished-at="2022-11-03T19:41:26 IST" duration-ms="170" status="PASS">
          <params>
            <param index="0">
              <value>
                <![CDATA[Learn Appium Automation with Java]]>
              </value>
            </param>
            <param index="1">
              <value>
                <![CDATA[uio]]>
              </value>
            </param>
            <param index="2">
              <value>
                <![CDATA[98]]>
              </value>
            </param>
          </params>
          <reporter-output>
          </reporter-output>
        </test-method> <!-- addBook -->
      </class> <!-- APITestingDemo.APITestingDemo.LibraryApi -->
    </test> <!-- Default test -->
  </suite> <!-- Default suite -->
</testng-results>
