<?xml version="1.0" encoding="UTF-8"?>
<!-- Generated by org.testng.reporters.JUnitXMLReporter -->
<testsuite ignored="0" hostname="DESKTOP-AIM9JGQ" failures="0" tests="3" name="Default test" time="0.095" errors="0" timestamp="2022-10-14T22:00:45 IST">
  <testcase classname="CountNameWithA" name="streamCollect" time="0.017"/>
  <testcase classname="CountNameWithA" name="streamMatch" time="0.003"/>
  <testcase classname="CountNameWithA" name="uniqueNumber" time="0.004"/>
</testsuite> <!-- Default test -->
