<?xml version="1.0" encoding="UTF-8"?>
<!-- Generated by org.testng.reporters.JUnitXMLReporter -->
<testsuite ignored="0" hostname="DESKTOP-MSPV69A" failures="0" tests="3" name="Default test" time="0.117" errors="0" timestamp="2022-11-01T09:45:50 IST">
  <testcase classname="CountNameWithA" name="streamCollect" time="0.027"/>
  <testcase classname="CountNameWithA" name="streamMatch" time="0.003"/>
  <testcase classname="CountNameWithA" name="uniqueNumber" time="0.005"/>
</testsuite> <!-- Default test -->
